Determining if the pthread_create exist failed with the following output:
Change Dir: /home/griff/catkin_ws/build/CMakeFiles/CMakeTmp

Run Build Command:"/usr/bin/make" "cmTC_5472a/fast"
/usr/bin/make -f CMakeFiles/cmTC_5472a.dir/build.make CMakeFiles/cmTC_5472a.dir/build
make[1]: Entering directory '/home/griff/catkin_ws/build/CMakeFiles/CMakeTmp'
Building C object CMakeFiles/cmTC_5472a.dir/CheckSymbolExists.c.o
/usr/bin/cc    -o CMakeFiles/cmTC_5472a.dir/CheckSymbolExists.c.o   -c /home/griff/catkin_ws/build/CMakeFiles/CMakeTmp/CheckSymbolExists.c
Linking C executable cmTC_5472a
/usr/bin/cmake -E cmake_link_script CMakeFiles/cmTC_5472a.dir/link.txt --verbose=1
/usr/bin/cc      -rdynamic CMakeFiles/cmTC_5472a.dir/CheckSymbolExists.c.o  -o cmTC_5472a 
CMakeFiles/cmTC_5472a.dir/CheckSymbolExists.c.o: In function `main':
CheckSymbolExists.c:(.text+0x1b): undefined reference to `pthread_create'
collect2: error: ld returned 1 exit status
CMakeFiles/cmTC_5472a.dir/build.make:97: recipe for target 'cmTC_5472a' failed
make[1]: *** [cmTC_5472a] Error 1
make[1]: Leaving directory '/home/griff/catkin_ws/build/CMakeFiles/CMakeTmp'
Makefile:126: recipe for target 'cmTC_5472a/fast' failed
make: *** [cmTC_5472a/fast] Error 2

File /home/griff/catkin_ws/build/CMakeFiles/CMakeTmp/CheckSymbolExists.c:
/* */
#include <pthread.h>

int main(int argc, char** argv)
{
  (void)argv;
#ifndef pthread_create
  return ((int*)(&pthread_create))[argc];
#else
  (void)argc;
  return 0;
#endif
}

Determining if the function pthread_create exists in the pthreads failed with the following output:
Change Dir: /home/griff/catkin_ws/build/CMakeFiles/CMakeTmp

Run Build Command:"/usr/bin/make" "cmTC_c14db/fast"
/usr/bin/make -f CMakeFiles/cmTC_c14db.dir/build.make CMakeFiles/cmTC_c14db.dir/build
make[1]: Entering directory '/home/griff/catkin_ws/build/CMakeFiles/CMakeTmp'
Building C object CMakeFiles/cmTC_c14db.dir/CheckFunctionExists.c.o
/usr/bin/cc   -DCHECK_FUNCTION_EXISTS=pthread_create   -o CMakeFiles/cmTC_c14db.dir/CheckFunctionExists.c.o   -c /usr/share/cmake-3.10/Modules/CheckFunctionExists.c
Linking C executable cmTC_c14db
/usr/bin/cmake -E cmake_link_script CMakeFiles/cmTC_c14db.dir/link.txt --verbose=1
/usr/bin/cc  -DCHECK_FUNCTION_EXISTS=pthread_create    -rdynamic CMakeFiles/cmTC_c14db.dir/CheckFunctionExists.c.o  -o cmTC_c14db -lpthreads 
/usr/bin/ld: cannot find -lpthreads
collect2: error: ld returned 1 exit status
CMakeFiles/cmTC_c14db.dir/build.make:97: recipe for target 'cmTC_c14db' failed
make[1]: *** [cmTC_c14db] Error 1
make[1]: Leaving directory '/home/griff/catkin_ws/build/CMakeFiles/CMakeTmp'
Makefile:126: recipe for target 'cmTC_c14db/fast' failed
make: *** [cmTC_c14db/fast] Error 2


